<?xml version="1.0" encoding="UTF-8"?>
<!-- Generated by org.testng.reporters.JUnitReportReporter -->
<testsuite skipped="0" hostname="DESKTOP-36R32J1" name="a.x" tests="2" failures="0" timestamp="2022-08-15T15:44:52 IST" time="0.020" errors="0">
  <testcase name="atestcase2" time="0.018" classname="a.x"/>
  <system-out/>
  <testcase name="test1" time="0.002" classname="a.x"/>
  <system-out/>
</testsuite> <!-- a.x -->
